<?xml version="1.0" encoding="UTF-8"?>
<!-- Generated by org.testng.reporters.JUnitReportReporter -->
<testsuite hostname="DESKTOP-41LRHAD" failures="0" tests="3" name="testngpkg.Crossbrowsertesting" time="7.667" errors="0" timestamp="2023-09-19T09:55:37 IST" skipped="0">
  <testcase classname="testngpkg.Crossbrowsertesting" name="test" time="2.968"/>
  <system-out/>
  <testcase classname="testngpkg.Crossbrowsertesting" name="test" time="2.718"/>
  <system-out/>
  <testcase classname="testngpkg.Crossbrowsertesting" name="test" time="1.981"/>
  <system-out/>
</testsuite> <!-- testngpkg.Crossbrowsertesting -->
