<?xml version="1.0" encoding="UTF-8"?>
<!-- Generated by org.testng.reporters.JUnitReportReporter -->
<testsuite hostname="DESKTOP-41LRHAD" failures="0" tests="1" name="testngpkg.Copypaste" time="5.291" errors="0" timestamp="2023-09-20T09:45:27 IST" skipped="0">
  <testcase classname="testngpkg.Copypaste" name="test1" time="5.291"/>
  <system-out/>
</testsuite> <!-- testngpkg.Copypaste -->
