<?xml version="1.0" encoding="UTF-8"?>
<!-- Generated by org.testng.reporters.JUnitReportReporter -->
<testsuite hostname="DESKTOP-41LRHAD" failures="0" tests="1" name="testngpkg.Windowhandle" time="8.484" errors="0" timestamp="2023-09-25T10:23:08 IST" skipped="0">
  <testcase classname="testngpkg.Windowhandle" name="test1" time="8.484"/>
  <system-out/>
</testsuite> <!-- testngpkg.Windowhandle -->
