<?xml version="1.0" encoding="UTF-8"?>
<!-- Generated by org.testng.reporters.JUnitReportReporter -->
<testsuite hostname="DESKTOP-41LRHAD" failures="0" tests="1" name="testngpkg.Edittextfileupload" time="6.145" errors="0" timestamp="2023-09-22T09:36:47 IST" skipped="0">
  <testcase classname="testngpkg.Edittextfileupload" name="test1" time="6.145"/>
  <system-out/>
</testsuite> <!-- testngpkg.Edittextfileupload -->
