<?xml version="1.0" encoding="UTF-8"?>
<!-- Generated by org.testng.reporters.JUnitReportReporter -->
<testsuite hostname="DESKTOP-41LRHAD" failures="0" tests="1" name="test.Fblogintest" time="1.647" errors="0" timestamp="2023-09-29T10:43:16 IST" skipped="0">
  <testcase classname="test.Fblogintest" name="test" time="1.647"/>
  <system-out/>
</testsuite> <!-- test.Fblogintest -->
