<?xml version="1.0" encoding="UTF-8"?>
<!-- Generated by org.testng.reporters.JUnitReportReporter -->
<testsuite hostname="DESKTOP-41LRHAD" failures="0" tests="1" name="testngpkg.Draganddrop" time="7.551" errors="0" timestamp="2023-09-21T10:48:10 IST" skipped="0">
  <testcase classname="testngpkg.Draganddrop" name="test1" time="7.551"/>
  <system-out/>
</testsuite> <!-- testngpkg.Draganddrop -->
