<?xml version="1.0" encoding="UTF-8"?>
<!-- Generated by org.testng.reporters.JUnitReportReporter -->
<testsuite hostname="DESKTOP-41LRHAD" failures="0" tests="4" name="testngpkg.Grouping" time="0.024" errors="0" timestamp="2023-09-18T19:57:29 IST" skipped="0">
  <testcase classname="testngpkg.Grouping" name="test1" time="0.008"/>
  <system-out/>
  <testcase classname="testngpkg.Grouping" name="test2" time="0.004"/>
  <system-out/>
  <testcase classname="testngpkg.Grouping" name="test3" time="0.005"/>
  <system-out/>
  <testcase classname="testngpkg.Grouping" name="test4" time="0.007"/>
  <system-out/>
</testsuite> <!-- testngpkg.Grouping -->
