<?xml version="1.0" encoding="UTF-8"?>
<!-- Generated by org.testng.reporters.JUnitReportReporter -->
<testsuite hostname="DESKTOP-41LRHAD" failures="0" tests="2" name="testngpkg.Testngdemo" time="0.016" errors="0" timestamp="2023-09-18T19:57:29 IST" skipped="0">
  <testcase classname="testngpkg.Testngdemo" name="test2" time="0.008"/>
  <system-out/>
  <testcase classname="testngpkg.Testngdemo" name="test1" time="0.008"/>
  <system-out/>
</testsuite> <!-- testngpkg.Testngdemo -->
