<?xml version="1.0" encoding="UTF-8"?>
<!-- Generated by org.testng.reporters.JUnitReportReporter -->
<testsuite hostname="DESKTOP-41LRHAD" failures="0" tests="1" name="testngpkg.Mousehover" time="11.355" errors="0" timestamp="2023-09-21T09:49:02 IST" skipped="0">
  <testcase classname="testngpkg.Mousehover" name="test1" time="11.355"/>
  <system-out/>
</testsuite> <!-- testngpkg.Mousehover -->
