<?xml version="1.0" encoding="UTF-8"?>
<!-- Generated by org.testng.reporters.JUnitReportReporter -->
<testsuite hostname="DESKTOP-41LRHAD" failures="0" tests="1" name="testngpkg.Saucedemo" time="0.665" errors="0" timestamp="2023-09-28T10:07:36 IST" skipped="0">
  <testcase classname="testngpkg.Saucedemo" name="test1" time="0.665"/>
  <system-out/>
</testsuite> <!-- testngpkg.Saucedemo -->
