<?xml version="1.0" encoding="UTF-8"?>
<!-- Generated by org.testng.reporters.JUnitReportReporter -->
<testsuite hostname="DESKTOP-41LRHAD" failures="0" tests="1" name="testngpkg.Fileuploadpgm" time="14.835" errors="0" timestamp="2023-09-22T10:14:44 IST" skipped="0">
  <testcase classname="testngpkg.Fileuploadpgm" name="fileuploadpgm" time="14.835"/>
  <system-out/>
</testsuite> <!-- testngpkg.Fileuploadpgm -->
