<?xml version="1.0" encoding="UTF-8"?>
<!-- Generated by org.testng.reporters.JUnitReportReporter -->
<testsuite hostname="DESKTOP-41LRHAD" failures="0" tests="1" name="testngpkg.Jusdial" time="2.710" errors="0" timestamp="2023-09-28T10:27:22 IST" skipped="0">
  <testcase classname="testngpkg.Jusdial" name="test" time="2.710"/>
  <system-out/>
</testsuite> <!-- testngpkg.Jusdial -->
