<?xml version="1.0" encoding="UTF-8"?>
<!-- Generated by org.testng.reporters.JUnitReportReporter -->
<testsuite hostname="DESKTOP-41LRHAD" failures="0" tests="1" name="testngpkg.Guru99" time="18.461" errors="0" timestamp="2023-09-20T10:37:59 IST" skipped="0">
  <testcase classname="testngpkg.Guru99" name="test1" time="18.461"/>
  <system-out/>
</testsuite> <!-- testngpkg.Guru99 -->
