<?xml version="1.0" encoding="UTF-8"?>
<!-- Generated by org.testng.reporters.JUnitReportReporter -->
<testsuite hostname="DESKTOP-41LRHAD" failures="0" tests="1" name="testngpkg.Parameterisation" time="0.012" errors="0" timestamp="2023-09-18T09:40:52 IST" skipped="0">
  <testcase classname="testngpkg.Parameterisation" name="test" time="0.012"/>
  <system-out/>
</testsuite> <!-- testngpkg.Parameterisation -->
